H1_V3_0_DATA_ADMISSION  [NON-PROMOTIONAL, CPU]

(chess) shard columns: ['Event', 'Site', 'White', 'Black', 'Result', 'WhiteTitle', 'BlackTitle', 'WhiteElo', 'BlackElo', 'WhiteRatingDiff']... using 'movetext'; 121332 games
(chess) 2600 games with >=24 plies loaded
(marker scan) ply 16: 2585 instances, 39/384 balanced piece-on-square axes
(marker scan) ply 24: 2522 instances, 38/384 balanced piece-on-square axes
(marker scan) ply 32: 2299 instances, 31/384 balanced piece-on-square axes
(marker scan) ply 40: 2063 instances, 39/384 balanced piece-on-square axes
(chess) marker ply 16 chosen (39 balanced axes); 2585 instances
(chess) witness coverage (UCI condition): 8/39 probed axes -> results/chatv2/h1_v3/witness_pairs_chess.jsonl

  [SAN condition]   axis      n   bal  probe-max   meta  wit  admit?
        P.c7   2585  0.49     0.988  0.690    0  no
       bP.c7   2585  0.49     0.988  0.690    0  no
      occ.g1   2585  0.48     0.796  0.583    0  no
        w.g1   2585  0.48     0.794  0.571    0  no
        b.g8   2585  0.52     0.850  0.565    0  no
      occ.g8   2585  0.52     0.844  0.565    0  no
      occ.d4   2585  0.48     0.912  0.673    0  no
        b.c7   2585  0.52     0.975  0.654    0  no
      occ.c7   2585  0.52     0.979  0.658    0  no
        P.c2   2585  0.53     0.981  0.694    0  no
       wP.c2   2585  0.53     0.981  0.694    0  no
      occ.e4   2585  0.45     0.906  0.725    0  no
        w.f1   2585  0.55     0.754  0.540    0  no
      occ.f1   2585  0.55     0.754  0.540    0  no
        w.c2   2585  0.55     0.960  0.688    0  no
      occ.c2   2585  0.55     0.971  0.698    0  no
        b.c6   2585  0.56     0.919  0.577    0  no
      occ.c6   2585  0.56     0.917  0.577    0  no
      occ.e6   2585  0.43     0.963  0.683    0  no
        b.e6   2585  0.43     0.967  0.667    0  no
      occ.c8   2585  0.57     0.979  0.594    0  no
        b.c8   2585  0.57     0.979  0.594    0  no
      occ.e7   2585  0.43     0.890  0.629    0  no
        b.e7   2585  0.43     0.890  0.629    0  no
        w.c1   2585  0.58     0.975  0.596    0  no
      occ.c1   2585  0.58     0.975  0.596    0  no
        b.f6   2585  0.58     0.921  0.629    0  no
      occ.b1   2585  0.42     0.979  0.683    0  no
        w.b1   2585  0.42     0.979  0.683    0  no
      occ.f6   2585  0.58     0.923  0.627    0  no
        w.c3   2585  0.58     0.931  0.627    0  no
        P.e4   2585  0.41     0.923  0.758    0  no
      occ.e5   2585  0.41     0.933  0.706    0  no
      occ.c3   2585  0.60     0.942  0.635    0  no
        P.d4   2585  0.40     0.935  0.717    0  no
        w.d4   2585  0.40     0.879  0.698    0  no
        b.f8   2585  0.60     0.800  0.581    0  no
      occ.f8   2585  0.60     0.800  0.581    0  no
      occ.d5   2585  0.40     0.938  0.675    0  no
  [SAN] admitted: 0 / 24 needed  

  [SANIT condition]   axis      n   bal  probe-max   meta  wit  admit?
        P.c7   2585  0.49     0.988  0.690    0  no
       bP.c7   2585  0.49     0.988  0.690    0  no
      occ.g1   2585  0.48     0.802  0.583    0  no
        w.g1   2585  0.48     0.798  0.571    0  no
        b.g8   2585  0.52     0.860  0.565    0  no
      occ.g8   2585  0.52     0.860  0.565    0  no
      occ.d4   2585  0.48     0.885  0.673    0  no
        b.c7   2585  0.52     0.977  0.654    0  no
      occ.c7   2585  0.52     0.981  0.658    0  no
        P.c2   2585  0.53     0.981  0.694    0  no
       wP.c2   2585  0.53     0.981  0.694    0  no
      occ.e4   2585  0.45     0.887  0.725    0  no
        w.f1   2585  0.55     0.762  0.540    0  no
      occ.f1   2585  0.55     0.762  0.540    0  no
        w.c2   2585  0.55     0.954  0.688    0  no
      occ.c2   2585  0.55     0.967  0.698    0  no
        b.c6   2585  0.56     0.921  0.577    0  no
      occ.c6   2585  0.56     0.921  0.577    0  no
      occ.e6   2585  0.43     0.958  0.683    0  no
        b.e6   2585  0.43     0.960  0.667    0  no
      occ.c8   2585  0.57     0.985  0.594    0  no
        b.c8   2585  0.57     0.985  0.594    0  no
      occ.e7   2585  0.43     0.892  0.629    0  no
        b.e7   2585  0.43     0.892  0.629    0  no
        w.c1   2585  0.58     0.983  0.596    0  no
      occ.c1   2585  0.58     0.981  0.596    0  no
        b.f6   2585  0.58     0.925  0.629    0  no
      occ.b1   2585  0.42     0.979  0.683    0  no
        w.b1   2585  0.42     0.979  0.683    0  no
      occ.f6   2585  0.58     0.929  0.627    0  no
        w.c3   2585  0.58     0.923  0.627    0  no
        P.e4   2585  0.41     0.915  0.758    0  no
      occ.e5   2585  0.41     0.915  0.706    0  no
      occ.c3   2585  0.60     0.935  0.635    0  no
        P.d4   2585  0.40     0.938  0.717    0  no
        w.d4   2585  0.40     0.869  0.698    0  no
        b.f8   2585  0.60     0.802  0.581    0  no
      occ.f8   2585  0.60     0.802  0.581    0  no
      occ.d5   2585  0.40     0.933  0.675    0  no
  [SANIT] admitted: 0 / 24 needed  

  [UCI condition]   axis      n   bal  probe-max   meta  wit  admit?
        P.c7   2585  0.49     0.990  0.690    0  no
       bP.c7   2585  0.49     0.990  0.690    0  no
      occ.g1   2585  0.48     0.996  0.583    0  no
        w.g1   2585  0.48     0.996  0.571    0  no
        b.g8   2585  0.52     0.996  0.565    0  no
      occ.g8   2585  0.52     0.996  0.565    0  no
      occ.d4   2585  0.48     0.969  0.673    0  no
        b.c7   2585  0.52     0.975  0.654    0  no
      occ.c7   2585  0.52     0.975  0.658    0  no
        P.c2   2585  0.53     0.988  0.694    0  no
       wP.c2   2585  0.53     0.988  0.694    0  no
      occ.e4   2585  0.45     0.944  0.725    1  no
        w.f1   2585  0.55     0.996  0.540    0  no
      occ.f1   2585  0.55     0.996  0.540    0  no
        w.c2   2585  0.55     0.963  0.688    0  no
      occ.c2   2585  0.55     0.973  0.698    0  no
        b.c6   2585  0.56     0.981  0.577    0  no
      occ.c6   2585  0.56     0.981  0.577    0  no
      occ.e6   2585  0.43     0.979  0.683    0  no
        b.e6   2585  0.43     0.979  0.667    1  no
      occ.c8   2585  0.57     0.992  0.594    0  no
        b.c8   2585  0.57     0.992  0.594    0  no
      occ.e7   2585  0.43     0.940  0.629    0  no
        b.e7   2585  0.43     0.940  0.629    0  no
        w.c1   2585  0.58     0.992  0.596    0  no
      occ.c1   2585  0.58     0.990  0.596    0  no
        b.f6   2585  0.58     0.960  0.629    1  no
      occ.b1   2585  0.42     0.992  0.683    0  no
        w.b1   2585  0.42     0.992  0.683    0  no
      occ.f6   2585  0.58     0.956  0.627    0  no
        w.c3   2585  0.58     0.958  0.627    1  no
        P.e4   2585  0.41     0.950  0.758    1  no
      occ.e5   2585  0.41     0.948  0.706    1  no
      occ.c3   2585  0.60     0.965  0.635    0  no
        P.d4   2585  0.40     0.965  0.717    1  no
        w.d4   2585  0.40     0.965  0.698    0  no
        b.f8   2585  0.60     0.988  0.581    0  no
      occ.f8   2585  0.60     0.988  0.581    0  no
      occ.d5   2585  0.40     0.954  0.675    1  no
  [UCI] admitted: 0 / 24 needed  

  (Chess verdict = best condition above; SAN conditions cannot supply witness pairs
   because reordering changes the SAN bag itself - the notation leak, as scoped.)
  (Non-promotional data admission. No model run, no GPU, no R2 claim.)
